<?xml version="1.0" encoding="UTF-8"?>
<!-- Generated by org.testng.reporters.JUnitXMLReporter -->
<testsuite ignored="1" hostname="SVT-LAP-24-006" failures="0" tests="1" name="Default test" time="2.63" errors="0" timestamp="2025-12-25T21:10:44 IST">
  <testcase classname="com.api.tests.CountAPITest" name="countAPITest_MissingAuthToken" time="2.545"/>
  <testcase classname="com.api.tests.CountAPITest" name="verifyCountAPITest" time="0.0">
    <ignored/>
  </testcase> <!-- verifyCountAPITest -->
</testsuite> <!-- Default test -->
