<?xml version="1.0" encoding="UTF-8"?>
<testng-results ignored="1" total="2" passed="1" failed="0" skipped="0">
  <reporter-output>
  </reporter-output>
  <suite started-at="2025-12-25T21:10:42 IST" name="Default suite" finished-at="2025-12-25T21:10:44 IST" duration-ms="2630">
    <groups>
    </groups>
    <test started-at="2025-12-25T21:10:42 IST" name="Default test" finished-at="2025-12-25T21:10:44 IST" duration-ms="2630">
      <class name="com.api.tests.CountAPITest">
        <test-method is-config="true" signature="setup()[pri:0, instance:com.api.tests.CountAPITest@4b013c76]" started-at="2025-12-25T21:10:42 IST" name="setup" description="setting up the count api instance" finished-at="2025-12-25T21:10:42 IST" duration-ms="13" status="PASS">
          <reporter-output>
          </reporter-output>
        </test-method> <!-- setup -->
        <test-method signature="countAPITest_MissingAuthToken()[pri:0, instance:com.api.tests.CountAPITest@4b013c76]" started-at="2025-12-25T21:10:42 IST" name="countAPITest_MissingAuthToken" finished-at="2025-12-25T21:10:44 IST" duration-ms="2545" status="PASS">
          <reporter-output>
          </reporter-output>
        </test-method> <!-- countAPITest_MissingAuthToken -->
      </class> <!-- com.api.tests.CountAPITest -->
    </test> <!-- Default test -->
  </suite> <!-- Default suite -->
</testng-results>
